<?xml version="1.0" encoding="UTF-8"?>
<!-- Generated by org.testng.reporters.JUnitXMLReporter -->
<testsuite ignored="5" hostname="Max-PC" failures="0" tests="1" name="Default test" time="0.082" errors="0" timestamp="2021-11-21T21:53:52 EET">
  <testcase classname="com.rutkouski.infohandling.action.impl.TextCompositeActionImplTest" name="findCountIdenticalWordsTest" time="0.055"/>
  <testcase classname="com.rutkouski.infohandling.action.impl.TextCompositeActionImplTest" name="removeSentencesWordsLessThanTest" time="0.0">
    <ignored/>
  </testcase> <!-- removeSentencesWordsLessThanTest -->
  <testcase classname="com.rutkouski.infohandling.action.impl.TextCompositeActionImplTest" name="findLongestWordSentencesTest" time="0.0">
    <ignored/>
  </testcase> <!-- findLongestWordSentencesTest -->
  <testcase classname="com.rutkouski.infohandling.action.impl.TextCompositeActionImplTest" name="sortParagraphsBySentenceQuantityTest" time="0.0">
    <ignored/>
  </testcase> <!-- sortParagraphsBySentenceQuantityTest -->
  <testcase classname="com.rutkouski.infohandling.action.impl.TextCompositeActionImplTest" name="countVowelsTest" time="0.0">
    <ignored/>
  </testcase> <!-- countVowelsTest -->
  <testcase classname="com.rutkouski.infohandling.action.impl.TextCompositeActionImplTest" name="countConsonantsTest" time="0.0">
    <ignored/>
  </testcase> <!-- countConsonantsTest -->
</testsuite> <!-- Default test -->
