<?xml version="1.0" encoding="UTF-8"?>
<testng-results ignored="5" total="6" passed="1" failed="0" skipped="0">
  <reporter-output>
  </reporter-output>
  <suite started-at="2021-11-21T21:53:52 EET" name="Default suite" finished-at="2021-11-21T21:53:52 EET" duration-ms="82">
    <groups>
    </groups>
    <test started-at="2021-11-21T21:53:52 EET" name="Default test" finished-at="2021-11-21T21:53:52 EET" duration-ms="82">
      <class name="com.rutkouski.infohandling.action.impl.TextCompositeActionImplTest">
        <test-method signature="findCountIdenticalWordsTest()[pri:0, instance:com.rutkouski.infohandling.action.impl.TextCompositeActionImplTest@74f5ce22]" started-at="2021-11-21T21:53:52 EET" name="findCountIdenticalWordsTest" finished-at="2021-11-21T21:53:52 EET" duration-ms="55" status="PASS">
          <reporter-output>
          </reporter-output>
        </test-method> <!-- findCountIdenticalWordsTest -->
      </class> <!-- com.rutkouski.infohandling.action.impl.TextCompositeActionImplTest -->
    </test> <!-- Default test -->
  </suite> <!-- Default suite -->
</testng-results>
