<?xml version="1.0" encoding="UTF-8"?>
<testng-results ignored="0" total="1" passed="1" failed="0" skipped="0">
  <reporter-output>
  </reporter-output>
  <suite started-at="2021-11-06T08:23:33 EET" name="Default suite" finished-at="2021-11-06T08:23:33 EET" duration-ms="46">
    <groups>
    </groups>
    <test started-at="2021-11-06T08:23:33 EET" name="Default test" finished-at="2021-11-06T08:23:33 EET" duration-ms="46">
      <class name="com.rutkouski.infohandling.reader.impl.CustomFileReaderImplTest">
        <test-method signature="readTextTest()[pri:0, instance:com.rutkouski.infohandling.reader.impl.CustomFileReaderImplTest@535779e4]" started-at="2021-11-06T08:23:33 EET" name="readTextTest" finished-at="2021-11-06T08:23:33 EET" duration-ms="16" status="PASS">
          <reporter-output>
          </reporter-output>
        </test-method> <!-- readTextTest -->
      </class> <!-- com.rutkouski.infohandling.reader.impl.CustomFileReaderImplTest -->
    </test> <!-- Default test -->
  </suite> <!-- Default suite -->
</testng-results>
